[  8466.716] 
X.Org X Server 1.21.1.8
X Protocol Version 11, Revision 0
[  8466.716] Current Operating System: Linux ryzen5 6.4.7-arch1-1 #1 SMP PREEMPT_DYNAMIC Thu, 27 Jul 2023 22:02:18 +0000 x86_64
[  8466.716] Kernel command line: BOOT_IMAGE=/boot/vmlinuz-linux root=UUID=5145c09b-0e94-474b-ba0b-9b44b04d1402 rw loglevel=3 quiet
[  8466.716]  
[  8466.716] Current version of pixman: 0.42.2
[  8466.716] 	Before reporting problems, check http://wiki.x.org
	to make sure that you have the latest version.
[  8466.716] Markers: (--) probed, (**) from config file, (==) default setting,
	(++) from command line, (!!) notice, (II) informational,
	(WW) warning, (EE) error, (NI) not implemented, (??) unknown.
[  8466.716] (==) Log file: "/var/log/Xorg.1.log", Time: Sun Jul 30 19:32:13 2023
[  8466.716] (==) Using config directory: "/etc/X11/xorg.conf.d"
[  8466.716] (==) Using system config directory "/usr/share/X11/xorg.conf.d"
[  8466.716] (==) No Layout section.  Using the first Screen section.
[  8466.716] (==) No screen section available. Using defaults.
[  8466.716] (**) |-->Screen "Default Screen Section" (0)
[  8466.716] (**) |   |-->Monitor "<default monitor>"
[  8466.716] (==) No monitor specified for screen "Default Screen Section".
	Using a default monitor configuration.
[  8466.716] (==) Automatically adding devices
[  8466.716] (==) Automatically enabling devices
[  8466.716] (==) Automatically adding GPU devices
[  8466.716] (==) Automatically binding GPU devices
[  8466.716] (==) Max clients allowed: 256, resource mask: 0x1fffff
[  8466.716] (WW) The directory "/usr/share/fonts/TTF" does not exist.
[  8466.716] 	Entry deleted from font path.
[  8466.716] (WW) The directory "/usr/share/fonts/OTF" does not exist.
[  8466.716] 	Entry deleted from font path.
[  8466.716] (WW) The directory "/usr/share/fonts/Type1" does not exist.
[  8466.716] 	Entry deleted from font path.
[  8466.716] (==) FontPath set to:
	/usr/share/fonts/misc,
	/usr/share/fonts/100dpi,
	/usr/share/fonts/75dpi
[  8466.716] (==) ModulePath set to "/usr/lib/xorg/modules"
[  8466.716] (II) The server relies on udev to provide the list of input devices.
	If no devices become available, reconfigure udev or disable AutoAddDevices.
[  8466.716] (II) Module ABI versions:
[  8466.716] 	X.Org ANSI C Emulation: 0.4
[  8466.716] 	X.Org Video Driver: 25.2
[  8466.716] 	X.Org XInput driver : 24.4
[  8466.716] 	X.Org Server Extension : 10.0
[  8466.717] (--) using VT number 2

[  8466.717] (II) systemd-logind: logind integration requires -keeptty and -keeptty was not provided, disabling logind integration
[  8466.718] (II) xfree86: Adding drm device (/dev/dri/card0)
[  8466.718] (II) Platform probe for /sys/devices/pci0000:00/0000:00:08.1/0000:04:00.0/drm/card0
[  8466.720] (--) PCI:*(4@0:0:0) 1002:15d8:103c:86fd rev 194, Mem @ 0xe0000000/268435456, 0xf0000000/2097152, 0xfcd00000/524288, I/O @ 0x0000e000/256, BIOS @ 0x????????/131072
[  8466.720] (WW) Open ACPI failed (/var/run/acpid.socket) (No such file or directory)
[  8466.720] (II) LoadModule: "glx"
[  8466.720] (II) Loading /usr/lib/xorg/modules/extensions/libglx.so
[  8466.721] (II) Module glx: vendor="X.Org Foundation"
[  8466.721] 	compiled for 1.21.1.8, module version = 1.0.0
[  8466.721] 	ABI class: X.Org Server Extension, version 10.0
[  8466.721] (II) Applying OutputClass "AMDgpu" to /dev/dri/card0
[  8466.721] 	loading driver: amdgpu
[  8466.721] (==) Matched amdgpu as autoconfigured driver 0
[  8466.721] (==) Matched ati as autoconfigured driver 1
[  8466.721] (==) Matched modesetting as autoconfigured driver 2
[  8466.721] (==) Matched fbdev as autoconfigured driver 3
[  8466.721] (==) Matched vesa as autoconfigured driver 4
[  8466.721] (==) Assigned the driver to the xf86ConfigLayout
[  8466.721] (II) LoadModule: "amdgpu"
[  8466.721] (II) Loading /usr/lib/xorg/modules/drivers/amdgpu_drv.so
[  8466.722] (II) Module amdgpu: vendor="X.Org Foundation"
[  8466.722] 	compiled for 1.21.1.7, module version = 23.0.0
[  8466.722] 	Module class: X.Org Video Driver
[  8466.722] 	ABI class: X.Org Video Driver, version 25.2
[  8466.722] (II) LoadModule: "ati"
[  8466.722] (WW) Warning, couldn't open module ati
[  8466.722] (EE) Failed to load module "ati" (module does not exist, 0)
[  8466.722] (II) LoadModule: "modesetting"
[  8466.722] (II) Loading /usr/lib/xorg/modules/drivers/modesetting_drv.so
[  8466.722] (II) Module modesetting: vendor="X.Org Foundation"
[  8466.722] 	compiled for 1.21.1.8, module version = 1.21.1
[  8466.722] 	Module class: X.Org Video Driver
[  8466.722] 	ABI class: X.Org Video Driver, version 25.2
[  8466.722] (II) LoadModule: "fbdev"
[  8466.722] (WW) Warning, couldn't open module fbdev
[  8466.722] (EE) Failed to load module "fbdev" (module does not exist, 0)
[  8466.722] (II) LoadModule: "vesa"
[  8466.722] (II) Loading /usr/lib/xorg/modules/drivers/vesa_drv.so
[  8466.722] (II) Module vesa: vendor="X.Org Foundation"
[  8466.722] 	compiled for 1.21.1.4, module version = 2.6.0
[  8466.722] 	Module class: X.Org Video Driver
[  8466.722] 	ABI class: X.Org Video Driver, version 25.2
[  8466.722] (II) AMDGPU: Driver for AMD Radeon:
	All GPUs supported by the amdgpu kernel driver
[  8466.723] (II) modesetting: Driver for Modesetting Kernel Drivers: kms
[  8466.723] (II) VESA: driver for VESA chipsets: vesa
[  8466.808] (WW) Falling back to old probe method for modesetting
[  8466.808] (II) AMDGPU(0): Creating default Display subsection in Screen section
	"Default Screen Section" for depth/fbbpp 24/32
[  8466.808] (==) AMDGPU(0): Depth 24, (--) framebuffer bpp 32
[  8466.808] (II) AMDGPU(0): Pixel depth = 24 bits stored in 4 bytes (32 bpp pixmaps)
[  8466.808] (==) AMDGPU(0): Default visual is TrueColor
[  8466.808] (II) Applying OutputClass "AMDgpu" options to /dev/dri/card0
[  8466.808] (==) AMDGPU(0): RGB weight 888
[  8466.809] (II) AMDGPU(0): Using 8 bits per RGB (8 bit DAC)
[  8466.809] (--) AMDGPU(0): Chipset: "AMD Radeon Vega 8 Graphics" (ChipID = 0x15d8)
[  8466.809] (II) Loading sub module "fb"
[  8466.809] (II) LoadModule: "fb"
[  8466.809] (II) Module "fb" already built-in
[  8466.809] (II) Loading sub module "dri2"
[  8466.809] (II) LoadModule: "dri2"
[  8466.809] (II) Module "dri2" already built-in
[  8466.836] (II) Loading sub module "glamoregl"
[  8466.836] (II) LoadModule: "glamoregl"
[  8466.837] (II) Loading /usr/lib/xorg/modules/libglamoregl.so
[  8466.844] (II) Module glamoregl: vendor="X.Org Foundation"
[  8466.844] 	compiled for 1.21.1.8, module version = 1.0.1
[  8466.844] 	ABI class: X.Org ANSI C Emulation, version 0.4
[  8466.867] (II) AMDGPU(0): glamor X acceleration enabled on AMD Radeon Vega 8 Graphics (raven, LLVM 15.0.7, DRM 3.52, 6.4.7-arch1-1)
[  8466.867] (II) AMDGPU(0): glamor detected, initialising EGL layer.
[  8466.867] (==) AMDGPU(0): TearFree property default: auto
[  8466.867] (==) AMDGPU(0): VariableRefresh: disabled
[  8466.867] (==) AMDGPU(0): AsyncFlipSecondaries: disabled
[  8466.867] (II) AMDGPU(0): KMS Pageflipping: enabled
[  8466.869] (II) AMDGPU(0): Output eDP has no monitor section
[  8466.869] (II) AMDGPU(0): Output HDMI-A-0 has no monitor section
[  8466.885] (II) AMDGPU(0): EDID for output eDP
[  8466.885] (II) AMDGPU(0): Manufacturer: CMN  Model: 15f5  Serial#: 0
[  8466.885] (II) AMDGPU(0): Year: 2017  Week: 46
[  8466.885] (II) AMDGPU(0): EDID Version: 1.4
[  8466.885] (II) AMDGPU(0): Digital Display Input
[  8466.885] (II) AMDGPU(0): 6 bits per channel
[  8466.885] (II) AMDGPU(0): Digital interface is DisplayPort
[  8466.885] (II) AMDGPU(0): Max Image Size [cm]: horiz.: 34  vert.: 19
[  8466.885] (II) AMDGPU(0): Gamma: 2.20
[  8466.885] (II) AMDGPU(0): No DPMS capabilities specified
[  8466.885] (II) AMDGPU(0): Supported color encodings: RGB 4:4:4 
[  8466.885] (II) AMDGPU(0): First detailed timing is preferred mode
[  8466.885] (II) AMDGPU(0): Preferred mode is native pixel format and refresh rate
[  8466.885] (II) AMDGPU(0): redX: 0.590 redY: 0.350   greenX: 0.330 greenY: 0.555
[  8466.885] (II) AMDGPU(0): blueX: 0.153 blueY: 0.119   whiteX: 0.313 whiteY: 0.329
[  8466.885] (II) AMDGPU(0): Manufacturer's mask: 0
[  8466.885] (II) AMDGPU(0): Supported detailed timing:
[  8466.885] (II) AMDGPU(0): clock: 152.8 MHz   Image Size:  344 x 193 mm
[  8466.885] (II) AMDGPU(0): h_active: 1920  h_sync: 2000  h_sync_end 2060 h_blank_end 2250 h_border: 0
[  8466.885] (II) AMDGPU(0): v_active: 1080  v_sync: 1086  v_sync_end 1094 v_blanking: 1132 v_border: 0
[  8466.885] (II) AMDGPU(0): Supported detailed timing:
[  8466.885] (II) AMDGPU(0): clock: 152.8 MHz   Image Size:  344 x 193 mm
[  8466.886] (II) AMDGPU(0): h_active: 1920  h_sync: 2000  h_sync_end 2060 h_blank_end 2250 h_border: 0
[  8466.886] (II) AMDGPU(0): v_active: 1080  v_sync: 1086  v_sync_end 1094 v_blanking: 1698 v_border: 0
[  8466.886] (II) AMDGPU(0): Unknown vendor-specific block 2
[  8466.886] (II) AMDGPU(0): EDID (in hex):
[  8466.886] (II) AMDGPU(0): 	00ffffffffffff000daef51500000000
[  8466.886] (II) AMDGPU(0): 	2e1b0104952213780228659759548e27
[  8466.886] (II) AMDGPU(0): 	1e505400000001010101010101010101
[  8466.886] (II) AMDGPU(0): 	010101010101b23b804a71383440503c
[  8466.886] (II) AMDGPU(0): 	680058c11000001ab23b804a71386a42
[  8466.886] (II) AMDGPU(0): 	503c680058c11000001a000000000000
[  8466.886] (II) AMDGPU(0): 	00000000000000000000000000000002
[  8466.886] (II) AMDGPU(0): 	000c44ff0b3c6e0f11206e0000000055
[  8466.886] (II) AMDGPU(0): Printing probed modes for output eDP
[  8466.886] (II) AMDGPU(0): Modeline "1920x1080"x60.0  152.82  1920 2000 2060 2250  1080 1086 1094 1132 +hsync -vsync (67.9 kHz eP)
[  8466.886] (II) AMDGPU(0): Modeline "1920x1080"x40.0  152.82  1920 2000 2060 2250  1080 1086 1094 1698 +hsync -vsync (67.9 kHz e)
[  8466.886] (II) AMDGPU(0): Modeline "1680x1050"x60.0  152.82  1680 2000 2060 2250  1050 1086 1094 1132 +hsync -vsync (67.9 kHz e)
[  8466.886] (II) AMDGPU(0): Modeline "1280x1024"x60.0  152.82  1280 2000 2060 2250  1024 1086 1094 1132 +hsync -vsync (67.9 kHz e)
[  8466.886] (II) AMDGPU(0): Modeline "1440x900"x60.0  152.82  1440 2000 2060 2250  900 1086 1094 1132 +hsync -vsync (67.9 kHz e)
[  8466.886] (II) AMDGPU(0): Modeline "1280x800"x60.0  152.82  1280 2000 2060 2250  800 1086 1094 1132 +hsync -vsync (67.9 kHz e)
[  8466.886] (II) AMDGPU(0): Modeline "1280x720"x60.0  152.82  1280 2000 2060 2250  720 1086 1094 1132 +hsync -vsync (67.9 kHz e)
[  8466.886] (II) AMDGPU(0): Modeline "1024x768"x60.0  152.82  1024 2000 2060 2250  768 1086 1094 1132 +hsync -vsync (67.9 kHz e)
[  8466.886] (II) AMDGPU(0): Modeline "800x600"x60.0  152.82  800 2000 2060 2250  600 1086 1094 1132 +hsync -vsync (67.9 kHz e)
[  8466.886] (II) AMDGPU(0): Modeline "640x480"x60.0  152.82  640 2000 2060 2250  480 1086 1094 1132 +hsync -vsync (67.9 kHz e)
[  8466.886] (II) AMDGPU(0): EDID for output HDMI-A-0
[  8466.886] (II) AMDGPU(0): Output eDP connected
[  8466.886] (II) AMDGPU(0): Output HDMI-A-0 disconnected
[  8466.886] (II) AMDGPU(0): Using exact sizes for initial modes
[  8466.886] (II) AMDGPU(0): Output eDP using initial mode 1920x1080 +0+0
[  8466.886] (II) AMDGPU(0): mem size init: gart size :bf5c0000 vram size: s:7e049000 visible:7e049000
[  8466.886] (==) AMDGPU(0): DPI set to (96, 96)
[  8466.886] (==) AMDGPU(0): Using gamma correction (1.0, 1.0, 1.0)
[  8466.886] (II) Loading sub module "ramdac"
[  8466.886] (II) LoadModule: "ramdac"
[  8466.886] (II) Module "ramdac" already built-in
[  8466.886] (II) UnloadModule: "modesetting"
[  8466.886] (II) Unloading modesetting
[  8466.886] (II) UnloadModule: "vesa"
[  8466.886] (II) Unloading vesa
[  8466.886] (II) AMDGPU(0): [DRI2] Setup complete
[  8466.886] (II) AMDGPU(0): [DRI2]   DRI driver: radeonsi
[  8466.886] (II) AMDGPU(0): [DRI2]   VDPAU driver: radeonsi
[  8466.895] (II) AMDGPU(0): Front buffer pitch: 7680 bytes
[  8466.895] (II) AMDGPU(0): SYNC extension fences enabled
[  8466.895] (II) AMDGPU(0): Present extension enabled
[  8466.895] (==) AMDGPU(0): DRI3 enabled
[  8466.895] (==) AMDGPU(0): Backing store enabled
[  8466.895] (II) AMDGPU(0): Direct rendering enabled
[  8466.903] (II) AMDGPU(0): Use GLAMOR acceleration.
[  8466.903] (II) AMDGPU(0): Acceleration enabled
[  8466.903] (==) AMDGPU(0): DPMS enabled
[  8466.903] (==) AMDGPU(0): Silken mouse enabled
[  8466.903] (II) AMDGPU(0): Set up textured video (glamor)
[  8466.917] (WW) AMDGPU(0): Option "HotplugDriver" is not used
[  8466.917] (II) Initializing extension Generic Event Extension
[  8466.917] (II) Initializing extension SHAPE
[  8466.917] (II) Initializing extension MIT-SHM
[  8466.917] (II) Initializing extension XInputExtension
[  8466.917] (II) Initializing extension XTEST
[  8466.917] (II) Initializing extension BIG-REQUESTS
[  8466.917] (II) Initializing extension SYNC
[  8466.917] (II) Initializing extension XKEYBOARD
[  8466.917] (II) Initializing extension XC-MISC
[  8466.917] (II) Initializing extension SECURITY
[  8466.918] (II) Initializing extension XFIXES
[  8466.918] (II) Initializing extension RENDER
[  8466.918] (II) Initializing extension RANDR
[  8466.918] (II) Initializing extension COMPOSITE
[  8466.918] (II) Initializing extension DAMAGE
[  8466.918] (II) Initializing extension MIT-SCREEN-SAVER
[  8466.918] (II) Initializing extension DOUBLE-BUFFER
[  8466.918] (II) Initializing extension RECORD
[  8466.918] (II) Initializing extension DPMS
[  8466.918] (II) Initializing extension Present
[  8466.918] (II) Initializing extension DRI3
[  8466.919] (II) Initializing extension X-Resource
[  8466.919] (II) Initializing extension XVideo
[  8466.919] (II) Initializing extension XVideo-MotionCompensation
[  8466.919] (II) Initializing extension GLX
[  8466.926] (II) AIGLX: Loaded and initialized radeonsi
[  8466.926] (II) GLX: Initialized DRI2 GL provider for screen 0
[  8466.926] (II) Initializing extension XFree86-VidModeExtension
[  8466.926] (II) Initializing extension XFree86-DGA
[  8466.926] (II) Initializing extension XFree86-DRI
[  8466.926] (II) Initializing extension DRI2
[  8466.926] (II) AMDGPU(0): Setting screen physical size to 508 x 285
[  8467.005] (II) config/udev: Adding input device Power Button (/dev/input/event2)
[  8467.005] (**) Power Button: Applying InputClass "libinput keyboard catchall"
[  8467.005] (II) LoadModule: "libinput"
[  8467.005] (II) Loading /usr/lib/xorg/modules/input/libinput_drv.so
[  8467.007] (II) Module libinput: vendor="X.Org Foundation"
[  8467.007] 	compiled for 1.21.1.8, module version = 1.3.0
[  8467.007] 	Module class: X.Org XInput Driver
[  8467.007] 	ABI class: X.Org XInput driver, version 24.4
[  8467.007] (II) Using input driver 'libinput' for 'Power Button'
[  8467.007] (**) Power Button: always reports core events
[  8467.007] (**) Option "Device" "/dev/input/event2"
[  8467.008] (II) event2  - Power Button: is tagged by udev as: Keyboard
[  8467.008] (II) event2  - Power Button: device is a keyboard
[  8467.008] (II) event2  - Power Button: device removed
[  8467.039] (**) Option "config_info" "udev:/sys/devices/LNXSYSTM:00/LNXPWRBN:00/input/input2/event2"
[  8467.039] (II) XINPUT: Adding extended input device "Power Button" (type: KEYBOARD, id 6)
[  8467.040] (II) event2  - Power Button: is tagged by udev as: Keyboard
[  8467.040] (II) event2  - Power Button: device is a keyboard
[  8467.040] (II) config/udev: Adding input device Video Bus (/dev/input/event3)
[  8467.040] (**) Video Bus: Applying InputClass "libinput keyboard catchall"
[  8467.040] (II) Using input driver 'libinput' for 'Video Bus'
[  8467.040] (**) Video Bus: always reports core events
[  8467.040] (**) Option "Device" "/dev/input/event3"
[  8467.041] (II) event3  - Video Bus: is tagged by udev as: Keyboard
[  8467.041] (II) event3  - Video Bus: device is a keyboard
[  8467.042] (II) event3  - Video Bus: device removed
[  8467.059] (**) Option "config_info" "udev:/sys/devices/LNXSYSTM:00/LNXSYBUS:00/PNP0A08:00/device:01/LNXVIDEO:00/input/input3/event3"
[  8467.059] (II) XINPUT: Adding extended input device "Video Bus" (type: KEYBOARD, id 7)
[  8467.060] (II) event3  - Video Bus: is tagged by udev as: Keyboard
[  8467.060] (II) event3  - Video Bus: device is a keyboard
[  8467.060] (II) config/udev: Adding input device Power Button (/dev/input/event0)
[  8467.060] (**) Power Button: Applying InputClass "libinput keyboard catchall"
[  8467.060] (II) Using input driver 'libinput' for 'Power Button'
[  8467.060] (**) Power Button: always reports core events
[  8467.060] (**) Option "Device" "/dev/input/event0"
[  8467.061] (II) event0  - Power Button: is tagged by udev as: Keyboard
[  8467.061] (II) event0  - Power Button: device is a keyboard
[  8467.061] (II) event0  - Power Button: device removed
[  8467.075] (**) Option "config_info" "udev:/sys/devices/LNXSYSTM:00/LNXSYBUS:00/PNP0C0C:00/input/input0/event0"
[  8467.075] (II) XINPUT: Adding extended input device "Power Button" (type: KEYBOARD, id 8)
[  8467.076] (II) event0  - Power Button: is tagged by udev as: Keyboard
[  8467.076] (II) event0  - Power Button: device is a keyboard
[  8467.077] (II) config/udev: Adding input device Lid Switch (/dev/input/event1)
[  8467.077] (II) No input driver specified, ignoring this device.
[  8467.077] (II) This device may have been added with another device file.
[  8467.077] (II) config/udev: Adding input device HD-Audio Generic HDMI/DP,pcm=3 (/dev/input/event10)
[  8467.077] (II) No input driver specified, ignoring this device.
[  8467.077] (II) This device may have been added with another device file.
[  8467.078] (II) config/udev: Adding input device HD-Audio Generic Mic (/dev/input/event11)
[  8467.078] (II) No input driver specified, ignoring this device.
[  8467.078] (II) This device may have been added with another device file.
[  8467.078] (II) config/udev: Adding input device HD-Audio Generic Headphone (/dev/input/event12)
[  8467.078] (II) No input driver specified, ignoring this device.
[  8467.078] (II) This device may have been added with another device file.
[  8467.079] (II) config/udev: Adding input device ELAN071A:00 04F3:30FD Mouse (/dev/input/event8)
[  8467.079] (**) ELAN071A:00 04F3:30FD Mouse: Applying InputClass "libinput pointer catchall"
[  8467.079] (II) Using input driver 'libinput' for 'ELAN071A:00 04F3:30FD Mouse'
[  8467.079] (**) ELAN071A:00 04F3:30FD Mouse: always reports core events
[  8467.079] (**) Option "Device" "/dev/input/event8"
[  8467.080] (II) event8  - ELAN071A:00 04F3:30FD Mouse: is tagged by udev as: Mouse Pointingstick
[  8467.080] (II) event8  - ELAN071A:00 04F3:30FD Mouse: device is a pointer
[  8467.080] (II) event8  - ELAN071A:00 04F3:30FD Mouse: device removed
[  8467.112] (II) libinput: ELAN071A:00 04F3:30FD Mouse: Step value 0 was provided, libinput Fallback acceleration function is used.
[  8467.112] (II) libinput: ELAN071A:00 04F3:30FD Mouse: Step value 0 was provided, libinput Fallback acceleration function is used.
[  8467.112] (II) libinput: ELAN071A:00 04F3:30FD Mouse: Step value 0 was provided, libinput Fallback acceleration function is used.
[  8467.112] (**) Option "config_info" "udev:/sys/devices/platform/AMDI0010:01/i2c-0/i2c-ELAN071A:00/0018:04F3:30FD.0001/input/input11/event8"
[  8467.112] (II) XINPUT: Adding extended input device "ELAN071A:00 04F3:30FD Mouse" (type: MOUSE, id 9)
[  8467.112] (**) Option "AccelerationScheme" "none"
[  8467.112] (**) ELAN071A:00 04F3:30FD Mouse: (accel) selected scheme none/0
[  8467.112] (**) ELAN071A:00 04F3:30FD Mouse: (accel) acceleration factor: 2.000
[  8467.112] (**) ELAN071A:00 04F3:30FD Mouse: (accel) acceleration threshold: 4
[  8467.113] (II) event8  - ELAN071A:00 04F3:30FD Mouse: is tagged by udev as: Mouse Pointingstick
[  8467.113] (II) event8  - ELAN071A:00 04F3:30FD Mouse: device is a pointer
[  8467.114] (II) config/udev: Adding input device ELAN071A:00 04F3:30FD Mouse (/dev/input/mouse0)
[  8467.114] (II) No input driver specified, ignoring this device.
[  8467.114] (II) This device may have been added with another device file.
[  8467.115] (II) config/udev: Adding input device ELAN071A:00 04F3:30FD Touchpad (/dev/input/event9)
[  8467.115] (**) ELAN071A:00 04F3:30FD Touchpad: Applying InputClass "libinput touchpad catchall"
[  8467.115] (**) ELAN071A:00 04F3:30FD Touchpad: Applying InputClass "touchpad catchall"
[  8467.115] (**) ELAN071A:00 04F3:30FD Touchpad: Applying InputClass "Default clickpad buttons"
[  8467.115] (**) ELAN071A:00 04F3:30FD Touchpad: Applying InputClass "touchpad"
[  8467.115] (**) ELAN071A:00 04F3:30FD Touchpad: Applying InputClass "Default clickpad buttons"
[  8467.115] (II) LoadModule: "synaptics"
[  8467.115] (II) Loading /usr/lib/xorg/modules/input/synaptics_drv.so
[  8467.115] (II) Module synaptics: vendor="X.Org Foundation"
[  8467.115] 	compiled for 1.21.1.3, module version = 1.9.2
[  8467.115] 	Module class: X.Org XInput Driver
[  8467.115] 	ABI class: X.Org XInput driver, version 24.4
[  8467.115] (II) Using input driver 'synaptics' for 'ELAN071A:00 04F3:30FD Touchpad'
[  8467.115] (**) ELAN071A:00 04F3:30FD Touchpad: always reports core events
[  8467.115] (**) Option "Device" "/dev/input/event9"
[  8467.149] (II) synaptics: ELAN071A:00 04F3:30FD Touchpad: found clickpad property
[  8467.149] (--) synaptics: ELAN071A:00 04F3:30FD Touchpad: x-axis range 0 - 3520 (res 31)
[  8467.149] (--) synaptics: ELAN071A:00 04F3:30FD Touchpad: y-axis range 0 - 1784 (res 31)
[  8467.149] (II) synaptics: ELAN071A:00 04F3:30FD Touchpad: device does not report pressure, will use touch data.
[  8467.149] (II) synaptics: ELAN071A:00 04F3:30FD Touchpad: device does not report finger width.
[  8467.149] (--) synaptics: ELAN071A:00 04F3:30FD Touchpad: buttons: left double triple
[  8467.149] (--) synaptics: ELAN071A:00 04F3:30FD Touchpad: Vendor 0x4f3 Product 0x30fd
[  8467.149] (--) synaptics: ELAN071A:00 04F3:30FD Touchpad: invalid pressure range.  defaulting to 0 - 255
[  8467.149] (--) synaptics: ELAN071A:00 04F3:30FD Touchpad: invalid finger width range.  defaulting to 0 - 15
[  8467.149] (**) Option "FingerLow" "30"
[  8467.149] (**) Option "FingerHigh" "50"
[  8467.149] (**) Option "MaxTapTime" "125"
[  8467.149] (**) Option "EmulateTwoFingerMinZ" "40"
[  8467.149] (**) Option "EmulateTwoFingerMinW" "8"
[  8467.149] (**) Option "VertEdgeScroll" "on"
[  8467.149] (**) Option "HorizEdgeScroll" "on"
[  8467.149] (**) Option "VertTwoFingerScroll" "on"
[  8467.149] (**) Option "HorizTwoFingerScroll" "on"
[  8467.149] (**) Option "TapButton1" "1"
[  8467.149] (**) Option "TapButton2" "3"
[  8467.149] (**) Option "TapButton3" "2"
[  8467.149] (**) Option "CircularScrolling" "on"
[  8467.149] (**) Option "CircScrollTrigger" "2"
[  8467.149] (**) Option "CoastingSpeed" "0"
[  8467.149] (**) Option "SoftButtonAreas" "50% 0 82% 0 0 0 0 0"
[  8467.149] (--) synaptics: ELAN071A:00 04F3:30FD Touchpad: touchpad found
[  8467.149] (**) ELAN071A:00 04F3:30FD Touchpad: always reports core events
[  8467.165] (**) Option "config_info" "udev:/sys/devices/platform/AMDI0010:01/i2c-0/i2c-ELAN071A:00/0018:04F3:30FD.0001/input/input13/event9"
[  8467.165] (II) XINPUT: Adding extended input device "ELAN071A:00 04F3:30FD Touchpad" (type: TOUCHPAD, id 10)
[  8467.165] (**) synaptics: ELAN071A:00 04F3:30FD Touchpad: (accel) MinSpeed is now constant deceleration 2.5
[  8467.165] (**) synaptics: ELAN071A:00 04F3:30FD Touchpad: (accel) MaxSpeed is now 1.75
[  8467.165] (**) synaptics: ELAN071A:00 04F3:30FD Touchpad: (accel) AccelFactor is now 0.051
[  8467.165] (**) ELAN071A:00 04F3:30FD Touchpad: (accel) keeping acceleration scheme 1
[  8467.166] (**) ELAN071A:00 04F3:30FD Touchpad: (accel) acceleration profile 1
[  8467.166] (**) ELAN071A:00 04F3:30FD Touchpad: (accel) acceleration factor: 2.000
[  8467.166] (**) ELAN071A:00 04F3:30FD Touchpad: (accel) acceleration threshold: 4
[  8467.166] (--) synaptics: ELAN071A:00 04F3:30FD Touchpad: touchpad found
[  8467.166] (II) config/udev: Adding input device ELAN071A:00 04F3:30FD Touchpad (/dev/input/mouse1)
[  8467.166] (**) ELAN071A:00 04F3:30FD Touchpad: Ignoring device from InputClass "touchpad ignore duplicates"
[  8467.167] (II) config/udev: Adding input device AT Translated Set 2 keyboard (/dev/input/event4)
[  8467.167] (**) AT Translated Set 2 keyboard: Applying InputClass "libinput keyboard catchall"
[  8467.167] (II) Using input driver 'libinput' for 'AT Translated Set 2 keyboard'
[  8467.167] (**) AT Translated Set 2 keyboard: always reports core events
[  8467.167] (**) Option "Device" "/dev/input/event4"
[  8467.167] (II) event4  - AT Translated Set 2 keyboard: is tagged by udev as: Keyboard
[  8467.168] (II) event4  - AT Translated Set 2 keyboard: device is a keyboard
[  8467.168] (II) event4  - AT Translated Set 2 keyboard: device removed
[  8467.182] (**) Option "config_info" "udev:/sys/devices/platform/i8042/serio0/input/input4/event4"
[  8467.182] (II) XINPUT: Adding extended input device "AT Translated Set 2 keyboard" (type: KEYBOARD, id 11)
[  8467.183] (II) event4  - AT Translated Set 2 keyboard: is tagged by udev as: Keyboard
[  8467.183] (II) event4  - AT Translated Set 2 keyboard: device is a keyboard
[  8467.184] (II) config/udev: Adding input device PC Speaker (/dev/input/event6)
[  8467.184] (II) No input driver specified, ignoring this device.
[  8467.184] (II) This device may have been added with another device file.
[  8467.187] (II) config/udev: Adding input device HP WMI hotkeys (/dev/input/event7)
[  8467.187] (**) HP WMI hotkeys: Applying InputClass "libinput keyboard catchall"
[  8467.187] (II) Using input driver 'libinput' for 'HP WMI hotkeys'
[  8467.187] (**) HP WMI hotkeys: always reports core events
[  8467.187] (**) Option "Device" "/dev/input/event7"
[  8467.187] (II) event7  - HP WMI hotkeys: is tagged by udev as: Keyboard Switch
[  8467.187] (II) event7  - HP WMI hotkeys: device is a keyboard
[  8467.187] (II) event7  - HP WMI hotkeys: device removed
[  8467.209] (**) Option "config_info" "udev:/sys/devices/virtual/input/input10/event7"
[  8467.209] (II) XINPUT: Adding extended input device "HP WMI hotkeys" (type: KEYBOARD, id 12)
[  8467.209] (II) event7  - HP WMI hotkeys: is tagged by udev as: Keyboard Switch
[  8467.209] (II) event7  - HP WMI hotkeys: device is a keyboard
[  8467.210] (II) config/udev: Adding input device Wireless hotkeys (/dev/input/event5)
[  8467.210] (**) Wireless hotkeys: Applying InputClass "libinput keyboard catchall"
[  8467.210] (II) Using input driver 'libinput' for 'Wireless hotkeys'
[  8467.210] (**) Wireless hotkeys: always reports core events
[  8467.210] (**) Option "Device" "/dev/input/event5"
[  8467.210] (II) event5  - Wireless hotkeys: is tagged by udev as: Keyboard
[  8467.211] (II) event5  - Wireless hotkeys: device is a keyboard
[  8467.211] (II) event5  - Wireless hotkeys: device removed
[  8467.225] (**) Option "config_info" "udev:/sys/devices/virtual/input/input5/event5"
[  8467.225] (II) XINPUT: Adding extended input device "Wireless hotkeys" (type: KEYBOARD, id 13)
[  8467.226] (II) event5  - Wireless hotkeys: is tagged by udev as: Keyboard
[  8467.226] (II) event5  - Wireless hotkeys: device is a keyboard
[  8467.252] (II) event2  - Power Button: device removed
[  8467.299] (II) event3  - Video Bus: device removed
[  8467.315] (II) event0  - Power Button: device removed
[  8467.345] (II) event8  - ELAN071A:00 04F3:30FD Mouse: device removed
[  8467.379] (II) event4  - AT Translated Set 2 keyboard: device removed
[  8467.396] (II) event7  - HP WMI hotkeys: device removed
[  8467.413] (II) event5  - Wireless hotkeys: device removed
[  8467.430] (II) UnloadModule: "libinput"
[  8467.430] (II) UnloadModule: "libinput"
[  8467.430] (II) UnloadModule: "libinput"
[  8467.430] (II) UnloadModule: "synaptics"
[  8467.430] (II) UnloadModule: "libinput"
[  8467.430] (II) UnloadModule: "libinput"
[  8467.430] (II) UnloadModule: "libinput"
[  8467.430] (II) UnloadModule: "libinput"
[  8467.488] (II) Server terminated successfully (0). Closing log file.
